<?xml version="1.0" encoding="UTF-8"?>
<testsuite name="tests.InvoiceTests" tests="2" skipped="0" failures="0" errors="0" timestamp="2025-11-07T22:07:38" hostname="00158MY" time="0.843">
  <properties/>
  <testcase name="create_invoice_returns_201_or_200" classname="tests.InvoiceTests" time="0.554"/>
  <testcase name="list_invoices_first_page_ok" classname="tests.InvoiceTests" time="0.287"/>
  <system-out><![CDATA[Request URI:	https://api.practicesoftwaretesting.com/carts

==================== API CALL ====================
Timestamp: 2025-11-07T22:07:38.387570
Method: POST
Request URI: https://api.practicesoftwaretesting.com/carts
Status Code: 201
Response Body:
{
    "id": "01k9g5rrjck83rhwby7ns4b3v8"
}
==================================================



==================== API CALL ====================
Timestamp: 2025-11-07T22:07:38.388608
Method: POST
Request URI: https://api.practicesoftwaretesting.com/carts
Status Code: 201
Response Body:
{
    "id": "01k9g5rrjck83rhwby7ns4b3v8"
}
==================================================


Request URI:	https://api.practicesoftwaretesting.com/users/login

==================== API CALL ====================
Timestamp: 2025-11-07T22:07:38.612050
Method: POST
Request URI: https://api.practicesoftwaretesting.com/users/login
Request Body:
{"email":"customer@practicesoftwaretesting.com","password":"welcome01"}
Status Code: 200
Response Body:
{
    "access_token": "eyJ0eXAiOiJKV1QiLCJhbGciOiJIUzI1NiJ9.eyJpc3MiOiJodHRwczovL2FwaS5wcmFjdGljZXNvZnR3YXJldGVzdGluZy5jb20vdXNlcnMvbG9naW4iLCJpYXQiOjE3NjI1NTMyNTgsImV4cCI6MTc2MjU1MzU1OCwibmJmIjoxNzYyNTUzMjU4LCJqdGkiOiJZZTMzc1U4Z0JoWTBtNUNaIiwic3ViIjoiMDFLOUc1QjRNWUhSM0Q2UUpNU0ZFM1hUSEEiLCJwcnYiOiIyM2JkNWM4OTQ5ZjYwMGFkYjM5ZTcwMWM0MDA4NzJkYjdhNTk3NmY3Iiwicm9sZSI6InVzZXIifQ.uKJUc-6JOJiVfPKVXt-CpQYxERtMA5SOwwXa7kxm9A4",
    "token_type": "bearer",
    "expires_in": 300
}
==================================================



==================== API CALL ====================
Timestamp: 2025-11-07T22:07:38.613120
Method: POST
Request URI: https://api.practicesoftwaretesting.com/users/login
Request Body:
{"email":"customer@practicesoftwaretesting.com","password":"welcome01"}
Status Code: 200
Response Body:
{
    "access_token": "eyJ0eXAiOiJKV1QiLCJhbGciOiJIUzI1NiJ9.eyJpc3MiOiJodHRwczovL2FwaS5wcmFjdGljZXNvZnR3YXJldGVzdGluZy5jb20vdXNlcnMvbG9naW4iLCJpYXQiOjE3NjI1NTMyNTgsImV4cCI6MTc2MjU1MzU1OCwibmJmIjoxNzYyNTUzMjU4LCJqdGkiOiJZZTMzc1U4Z0JoWTBtNUNaIiwic3ViIjoiMDFLOUc1QjRNWUhSM0Q2UUpNU0ZFM1hUSEEiLCJwcnYiOiIyM2JkNWM4OTQ5ZjYwMGFkYjM5ZTcwMWM0MDA4NzJkYjdhNTk3NmY3Iiwicm9sZSI6InVzZXIifQ.uKJUc-6JOJiVfPKVXt-CpQYxERtMA5SOwwXa7kxm9A4",
    "token_type": "bearer",
    "expires_in": 300
}
==================================================


Request URI:	https://api.practicesoftwaretesting.com/invoices

==================== API CALL ====================
Timestamp: 2025-11-07T22:07:38.802273
Method: POST
Request URI: https://api.practicesoftwaretesting.com/invoices
Request Body:
{"billing_street":"123 Main St","billing_city":"Testville","billing_state":"CA","billing_country":"US","billing_postal_code":"90001","payment_method":"bank-transfer","cart_id":"01k9g5rrjck83rhwby7ns4b3v8","payment_details":{"bank_name":"BankX","account_name":"John Dow","account_number":"12345678"}}
Status Code: 201
Response Body:
{
    "billing_street": "123 Main St",
    "billing_city": "Testville",
    "billing_state": "CA",
    "billing_country": "US",
    "billing_postal_code": "90001",
    "user_id": "01K9G5B4MYHR3D6QJMSFE3XTHA",
    "invoice_date": "2025-11-07T22:07:38.960553Z",
    "invoice_number": "INV-2025000006",
    "id": "01k9g5rrynw9vh6y4qp54e90nk",
    "created_at": "2025-11-07T22:07:38.000000Z",
    "subtotal": 0,
    "total": 0,
    "additional_discount_percentage": null,
    "additional_discount_amount": 0,
    "eco_discount_percentage": 0,
    "eco_discount_amount": 0
}
==================================================



==================== API CALL ====================
Timestamp: 2025-11-07T22:07:38.803692
Method: POST
Request URI: https://api.practicesoftwaretesting.com/invoices
Request Body:
{"billing_street":"123 Main St","billing_city":"Testville","billing_state":"CA","billing_country":"US","billing_postal_code":"90001","payment_method":"bank-transfer","cart_id":"01k9g5rrjck83rhwby7ns4b3v8","payment_details":{"bank_name":"BankX","account_name":"John Dow","account_number":"12345678"}}
Status Code: 201
Response Body:
{
    "billing_street": "123 Main St",
    "billing_city": "Testville",
    "billing_state": "CA",
    "billing_country": "US",
    "billing_postal_code": "90001",
    "user_id": "01K9G5B4MYHR3D6QJMSFE3XTHA",
    "invoice_date": "2025-11-07T22:07:38.960553Z",
    "invoice_number": "INV-2025000006",
    "id": "01k9g5rrynw9vh6y4qp54e90nk",
    "created_at": "2025-11-07T22:07:38.000000Z",
    "subtotal": 0,
    "total": 0,
    "additional_discount_percentage": null,
    "additional_discount_amount": 0,
    "eco_discount_percentage": 0,
    "eco_discount_amount": 0
}
==================================================


Request URI:	https://api.practicesoftwaretesting.com/invoices?page=1

==================== API CALL ====================
Timestamp: 2025-11-07T22:07:39.039744
Method: GET
Request URI: https://api.practicesoftwaretesting.com/invoices?page=1
Status Code: 200
Response Body:
{
    "current_page": 1,
    "data": [
        {
            "id": "01k9g5rrynw9vh6y4qp54e90nk",
            "user_id": "01K9G5B4MYHR3D6QJMSFE3XTHA",
            "invoice_number": "INV-2025000006",
            "invoice_date": "2025-11-07 22:07:38",
            "status": "AWAITING_FULFILLMENT",
            "total": 0,
            "subtotal": 0,
            "billing_street": "123 Main St",
            "billing_city": "Testville",
            "billing_state": "CA",
            "billing_country": "US",
            "billing_postal_code": "90001",
            "additional_discount_percentage": null,
            "additional_discount_amount": 0,
            "invoicelines": [
                
            ],
            "payment": {
                "payment_method": "bank-transfer"
            }
        },
        {
            "id": "01k9g5qmawq6vym7kkf9pz31y9",
            "user_id": "01K9G5B4MYHR3D6QJMSFE3XTHA",
            "invoice_number": "INV-2025000005",
            "invoice_date": "2025-11-07 22:07:01",
            "status": "AWAITING_FULFILLMENT",
            "total": 0,
            "subtotal": 0,
            "billing_street": "123 Main St",
            "billing_city": "Testville",
            "billing_state": "CA",
            "billing_country": "US",
            "billing_postal_code": "90001",
            "additional_discount_percentage": null,
            "additional_discount_amount": 0,
            "invoicelines": [
                
            ],
            "payment": {
                "payment_method": "bank-transfer"
            }
        },
        {
            "id": "01k9g5hv3a9vpx22avs9qcgxf3",
            "user_id": "01K9G5B4MYHR3D6QJMSFE3XTHA",
            "invoice_number": "INV-2025000004",
            "invoice_date": "2025-11-07 22:03:51",
            "status": "ON_HOLD",
            "total": 0,
            "subtotal": 0,
            "billing_street": "123 Main St",
            "billing_city": "Testville",
            "billing_state": "CA",
            "billing_country": "US",
            "billing_postal_code": "90001",
            "additional_discount_percentage": null,
            "additional_discount_amount": 0,
            "invoicelines": [
                
            ],
            "payment": {
                "payment_method": "bank-transfer"
            }
        },
        {
            "id": "01K9G5B6JEWNAPCHQW38VVMFFW",
            "user_id": "01K9G5B4MYHR3D6QJMSFE3XTHA",
            "invoice_number": "INV-20250000037",
            "invoice_date": "2025-11-01 22:00:12",
            "status": "AWAITING_SHIPMENT",
            "total": 855.58,
            "subtotal": null,
            "billing_street": "Test street 38",
            "billing_city": "Utrecht",
            "billing_state": "Utrecht",
            "billing_country": "The Netherlands",
            "billing_postal_code": "1122AB",
            "additional_discount_percentage": null,
            "additional_discount_amount": null,
            "invoicelines": [
                {
                    "id": "01K9G5BCV2VND1KVHD60RCFZ8T",
                    "invoice_id": "01K9G5B6JEWNAPCHQW38VVMFFW",
                    "product_id": "01K9G5B4YEKYRSQVMKNVJPQPVV",
                    "unit_price": 22.96,
                    "quantity": 2,
                    "discount_percentage": null,
                    "discounted_price": null,
                    "product": {
                        "id": "01K9G5B4YEKYRSQVMKNVJPQPVV",
                        "name": "Swiss Woodcarving Chisels",
                        "price": 22.96,
                        "co2_rating": "D",
                        "in_stock": false,
                        "is_eco_friendly": false,
                        "product_image": {
                            "id": "01K9G5B4WTGKVBV81MESBM5E9X",
                            "by_name": "Clay Banks",
                            "by_url": "https://unsplash.com/@claybanks",
                            "source_name": "Unsplash",
                            "source_url": "https://unsplash.com/photos/brown-wooden-handled-stainless-steel-fork-and-bread-knife-PHO_ilA8dGg",
                            "file_name": "chisels03.avif",
                            "title": "Chisel"
                        }
                    }
                },
                {
                    "id": "01K9G5BCV9CXBA9CMVA29ZZFD2",
                    "invoice_id": "01K9G5B6JEWNAPCHQW38VVMFFW",
                    "product_id": "01K9G5B4ZDBX05Z290RKW1X9KE",
                    "unit_price": 178.2,
                    "quantity": 3,
                    "discount_percentage": null,
                    "discounted_price": null,
                    "product": {
                        "id": "01K9G5B4ZDBX05Z290RKW1X9KE",
                        "name": "Workbench with Drawers",
                        "price": 178.2,
                        "co2_rating": "B",
                        "in_stock": false,
                        "is_eco_friendly": true,
                        "product_image": {
                            "id": "01K9G5B4WTGKVBV81MESBM5EAG",
                            "by_name": "Matteo Minoglio",
                            "by_url": "https://unsplash.com/@ilmino",
                            "source_name": "Unsplash",
                            "source_url": "https://unsplash.com/photos/opened-brown-wooden-drawers-m8-NX7WxbpM",
                            "file_name": "workbench02.avif",
                            "title": "Workbench with Drawers"
                        }
                    }
                },
                {
                    "id": "01K9G5BCVH4336V7YYQ4R83E14",
                    "invoice_id": "01K9G5B6JEWNAPCHQW38VVMFFW",
                    "product_id": "01K9G5B4YHQFEZK5XYYB40MMMQ",
                    "unit_price": 10.07,
                    "quantity": 3,
                    "discount_percentage": null,
                    "discounted_price": null,
                    "product": {
                        "id": "01K9G5B4YHQFEZK5XYYB40MMMQ",
                        "name": "Measuring Tape",
                        "price": 10.07,
                        "co2_rating": "C",
                        "in_stock": false,
                        "is_eco_friendly": false,
                        "product_image": {
                            "id": "01K9G5B4WTGKVBV81MESBM5E9Z",
                            "by_name": "Diana Polekhina",
                            "by_url": "https://unsplash.com/@diana_pole",
                            "source_name": "Unsplash",
                            "source_url": "https://unsplash.com/photos/silver-and-black-necklace-on-yellow-textile-iUfusOthmgQ",
                            "file_name": "measure02.avif",
                            "title": "Measuring Tape"
                        }
                    }
                },
                {
                    "id": "01K9G5BCVPENF9R8S9E3DBD160",
                    "invoice_id": "01K9G5B6JEWNAPCHQW38VVMFFW",
                    "product_id": "01K9G5B4YDWVKNNABD0KJMYQYS",
                    "unit_price": 45.23,
                    "quantity": 1,
                    "discount_percentage": null,
                    "discounted_price": null,
                    "product": {
                        "id": "01K9G5B4YDWVKNNABD0KJMYQYS",
                        "name": "Wood Carving Chisels",
                        "price": 45.23,
                        "co2_rating": "D",
                        "in_stock": false,
                        "is_eco_friendly": false,
                        "product_image": {
                            "id": "01K9G5B4WTGKVBV81MESBM5E9W",
                            "by_name": "Octavian Iordache",
                            "by_url": "https://unsplash.com/@octavianiordache",
                            "source_name": "Unsplash",
                            "source_url": "https://unsplash.com/photos/brown-wooden-wall-mounted-rack-FgP27oU8LWw",
                            "file_name": "chisels02.avif",
                            "title": "Chisel"
                        }
                    }
                },
                {
                    "id": "01K9G5BCW08Z01E7GQ9J0R766G",
                    "invoice_id": "01K9G5B6JEWNAPCHQW38VVMFFW",
                    "product_id": "01K9G5B4ZTA6YDN8GTFY57P63Z",
                    "unit_price": 66.54,
                    "quantity": 3,
                    "discount_percentage": null,
                    "discounted_price": null,
                    "product": {
                        "id": "01K9G5B4ZTA6YDN8GTFY57P63Z",
                        "name": "Cordless Drill 24V",
                        "price": 66.54,
                        "co2_rating": "E",
                        "in_stock": false,
                        "is_eco_friendly": false,
                        "product_image": {
                            "id": "01K9G5B4WSC67Z63YRPGVV0NKX",
                            "by_name": "NeONBRAND",
                            "by_url": "https://unsplash.com/@neonbrand",
                            "source_name": "Unsplash",
                            "source_url": "https://unsplash.com/photos/CuDoRFyTkAQ",
                            "file_name": "drill02.avif",
                            "title": "Cordless Drill"
                        }
                    }
                }
            ],
            "payment": {
                "payment_method": "buy-now-pay-later"
            }
        },
        {
            "id": "01K9G5B6J3T1DZAT138BWT41CA",
            "user_id": "01K9G5B4MYHR3D6QJMSFE3XTHA",
            "invoice_number": "INV-20250000036",
            "invoice_date": "2025-10-14 22:00:12",
            "status": "AWAITING_SHIPMENT",
            "total": 3.95,
            "subtotal": null,
            "billing_street": "Test street 37",
            "billing_city": "Utrecht",
            "billing_state": "Utrecht",
            "billing_country": "The Netherlands",
            "billing_postal_code": "1122AB",
            "additional_discount_percentage": null,
            "additional_discount_amount": null,
            "invoicelines": [
                {
                    "id": "01K9G5BCTKV2QH3Q90R9EBXZBA",
                    "invoice_id": "01K9G5B6J3T1DZAT138BWT41CA",
                    "product_id": "01K9G5B4Z48FD8FW3EQ8JDRVT7",
                    "unit_price": 3.95,
                    "quantity": 1,
                    "discount_percentage": null,
                    "discounted_price": null,
                    "product": {
                        "id": "01K9G5B4Z48FD8FW3EQ8JDRVT7",
                        "name": "Flat-Head Wood Screws",
                        "price": 3.95,
                        "co2_rating": "C",
                        "in_stock": false,
                        "is_eco_friendly": false,
                        "product_image": {
                            "id": "01K9G5B4WTGKVBV81MESBM5EAA",
                            "by_name": "Ben Lodge",
                            "by_url": "https://unsplash.com/@benlodge123",
                            "source_name": "Unsplash",
                            "source_url": "https://unsplash.com/photos/stainless-steel-11-screw-e3Y7qB67aow",
                            "file_name": "fasteners04.avif",
                            "title": "Flat-Head Wood Screws"
                        }
                    }
                }
            ],
            "payment": {
                "payment_method": "cash-on-delivery"
            }
        },
        {
            "id": "01K9G5B6HXF934FPJCNXC96GS9",
            "user_id": "01K9G5B4MYHR3D6QJMSFE3XTHA",
            "invoice_number": "INV-20250000035",
            "invoice_date": "2025-10-14 22:00:12",
            "status": "AWAITING_SHIPMENT",
            "total": 131.91,
            "subtotal": null,
            "billing_street": "Test street 36",
            "billing_city": "Utrecht",
            "billing_state": "Utrecht",
            "billing_country": "The Netherlands",
            "billing_postal_code": "1122AB",
            "additional_discount_percentage": null,
            "additional_discount_amount": null,
            "invoicelines": [
                {
                    "id": "01K9G5BCSSK1QCQZ2FN9TW1YH5",
                    "invoice_id": "01K9G5B6HXF934FPJCNXC96GS9",
                    "product_id": "01K9G5B4Z0MDZJWTGKSQP0EXNE",
                    "unit_price": 5.55,
                    "quantity": 2,
                    "discount_percentage": null,
                    "discounted_price": null,
                    "product": {
                        "id": "01K9G5B4Z0MDZJWTGKSQP0EXNE",
                        "name": "Nuts and bolts",
                        "price": 5.55,
                        "co2_rating": "C",
                        "in_stock": false,
                        "is_eco_friendly": false,
                        "product_image": {
                            "id": "01K9G5B4WTGKVBV81MESBM5EA8",
                            "by_name": "Edge2Edge Media",
                            "by_url": "https://unsplash.com/@edge2edgemedia",
                            "source_name": "Unsplash",
                            "source_url": "https://unsplash.com/photos/silver-and-black-metal-tools-qHhJkxare7A",
                            "file_name": "fasteners02.avif",
                            "title": "Nuts and bolts"
                        }
                    }
                },
                {
                    "id": "01K9G5BCSZPHVY3YHKG4YDZRH6",
                    "invoice_id": "01K9G5B6HXF934FPJCNXC96GS9",
                    "product_id": "01K9G5B4YQET3KX4WZJC82HT6X",
                    "unit_price": 35.62,
                    "quantity": 3,
                    "discount_percentage": null,
                    "discounted_price": null,
                    "product": {
                        "id": "01K9G5B4YQET3KX4WZJC82HT6X",
                        "name": "Safety Helmet Face Shield",
                        "price": 35.62,
                        "co2_rating": "B",
                        "in_stock": false,
                        "is_eco_friendly": true,
                        "product_image": {
                            "id": "01K9G5B4WTGKVBV81MESBM5EA3",
                            "by_name": "Laurence Ziegler",
                            "by_url": "https://unsplash.com/@laurenceziegler",
                            "source_name": "Unsplash",
                            "source_url": "https://unsplash.com/photos/a-helmet-that-is-on-top-of-a-pile-of-leaves-niKVn6qfYAs",
                            "file_name": "goggles02.avif",
                            "title": "Safety Helmet Face Shield"
                        }
                    }
                },
                {
                    "id": "01K9G5BCT6VDV343E3EH23Q5VX",
                    "invoice_id": "01K9G5B6HXF934FPJCNXC96GS9",
                    "product_id": "01K9G5B4Z6S2PSVBYH21GKZET7",
                    "unit_price": 4.65,
                    "quantity": 3,
                    "discount_percentage": null,
                    "discounted_price": null,
                    "product": {
                        "id": "01K9G5B4Z6S2PSVBYH21GKZET7",
                        "name": "M4 Nuts",
                        "price": 4.65,
                        "co2_rating": "C",
                        "in_stock": false,
                        "is_eco_friendly": false,
                        "product_image": {
                            "id": "01K9G5B4WTGKVBV81MESBM5EAB",
                            "by_name": "Mika Baumeister",
                            "by_url": "https://unsplash.com/@kommumikation",
                            "source_name": "Unsplash",
                            "source_url": "https://unsplash.com/photos/silver-and-black-round-coins-c71yQepDEjo",
                            "file_name": "fasteners05.avif",
                            "title": "M4 Nuts"
                        }
                    }
                }
            ],
            "payment": {
                "payment_method": "gift-card"
            }
        },
        {
            "id": "01K9G5B6HH00EZYYJ1R46NXW2B",
            "user_id": "01K9G5B4MYHR3D6QJMSFE3XTHA",
            "invoice_number": "INV-20250000033",
            "invoice_date": "2025-10-05 22:00:12",
            "status": "ON_HOLD",
            "total": 227.67,
            "subtotal": null,
            "billing_street": "Test street 34",
            "billing_city": "Utrecht",
            "billing_state": "Utrecht",
            "billing_country": "The Netherlands",
            "billing_postal_code": "1122AB",
            "additional_discount_percentage": null,
            "additional_discount_amount": null,
            "invoicelines": [
                {
                    "id": "01K9G5BCQXRS2ZY3N8P9E0R82A",
                    "invoice_id": "01K9G5B6HH00EZYYJ1R46NXW2B",
                    "product_id": "01K9G5B4XGMJHSGM13DDQKFP9Y",
                    "unit_price": 14.15,
                    "quantity": 2,
                    "discount_percentage": null,
                    "discounted_price": null,
                    "product": {
                        "id": "01K9G5B4XGMJHSGM13DDQKFP9Y",
                        "name": "Combination Pliers",
                        "price": 14.15,
                        "co2_rating": "D",
                        "in_stock": false,
                        "is_eco_friendly": false,
                        "product_image": {
                            "id": "01K9G5B4WSC67Z63YRPGVV0NK6",
                            "by_name": "Helinton Fantin",
                            "by_url": "https://unsplash.com/@fantin",
                            "source_name": "Unsplash",
                            "source_url": "https://unsplash.com/photos/W8BNwvOvW4M",
                            "file_name": "pliers01.avif",
                            "title": "Combination pliers"
                        }
                    }
                },
                {
                    "id": "01K9G5BCR6A4RM03BXSJYP0GGJ",
                    "invoice_id": "01K9G5B6HH00EZYYJ1R46NXW2B",
                    "product_id": "01K9G5B4YCH5D78FB4A5WYQK4H",
                    "unit_price": 12.96,
                    "quantity": 2,
                    "discount_percentage": null,
                    "discounted_price": null,
                    "product": {
                        "id": "01K9G5B4YCH5D78FB4A5WYQK4H",
                        "name": "Chisels Set",
                        "price": 12.96,
                        "co2_rating": "D",
                        "in_stock": false,
                        "is_eco_friendly": false,
                        "product_image": {
                            "id": "01K9G5B4WTGKVBV81MESBM5E9V",
                            "by_name": "Collab Media",
                            "by_url": "https://unsplash.com/@collab_media",
                            "source_name": "Unsplash",
                            "source_url": "https://unsplash.com/photos/a-couple-of-tools-that-are-on-a-table-JQZyN8WJPh0",
                            "file_name": "chisels01.avif",
                            "title": "Chisel"
                        }
                    }
                },
                {
                    "id": "01K9G5BCRMZE2JSJ76NQ0C7J1A",
                    "invoice_id": "01K9G5B6HH00EZYYJ1R46NXW2B",
                    "product_id": "01K9G5B4YTSZK9A7MN3WYY3VM9",
                    "unit_price": 38.45,
                    "quantity": 2,
                    "discount_percentage": null,
                    "discounted_price": null,
                    "product": {
                        "id": "01K9G5B4YTSZK9A7MN3WYY3VM9",
                        "name": "Super-thin Protection Gloves",
                        "price": 38.45,
                        "co2_rating": "B",
                        "in_stock": false,
                        "is_eco_friendly": true,
                        "product_image": {
                            "id": "01K9G5B4WTGKVBV81MESBM5EA5",
                            "by_name": "Gabriel Alenius",
                            "by_url": "https://unsplash.com/@gabrielalenius",
                            "source_name": "Unsplash",
                            "source_url": "https://unsplash.com/photos/a-person-wearing-a-yellow-jacket-and-black-gloves-dA-oPHeQZkA",
                            "file_name": "gloves02.avif",
                            "title": "Super-thin Protection Gloves"
                        }
                    }
                },
                {
                    "id": "01K9G5BCRS5ME41GEYP5X85FXZ",
                    "invoice_id": "01K9G5B6HH00EZYYJ1R46NXW2B",
                    "product_id": "01K9G5B4Z7VGSZN37MC8YFNV1P",
                    "unit_price": 3.55,
                    "quantity": 1,
                    "discount_percentage": null,
                    "discounted_price": null,
                    "product": {
                        "id": "01K9G5B4Z7VGSZN37MC8YFNV1P",
                        "name": "Washers",
                        "price": 3.55,
                        "co2_rating": "C",
                        "in_stock": false,
                        "is_eco_friendly": false,
                        "product_image": {
                            "id": "01K9G5B4WTGKVBV81MESBM5EAC",
                            "by_name": "Robert Ruggiero",
                            "by_url": "https://unsplash.com/@robert2301",
                            "source_name": "Unsplash",
                            "source_url": "https://unsplash.com/photos/a-pile-of-different-colored-washers-sitting-on-top-of-a-table-oY6774he6GQ",
                            "file_name": "fasteners06.avif",
                            "title": "Washers"
                        }
                    }
                },
                {
                    "id": "01K9G5BCS18H7TK04QC9SM33NH",
                    "invoice_id": "01K9G5B6HH00EZYYJ1R46NXW2B",
                    "product_id": "01K9G5B4ZX9V8EPZ3G435MN9G0",
                    "unit_price": 46.5,
                    "quantity": 2,
                    "discount_percentage": null,
                    "discounted_price": null,
                    "product": {
                        "id": "01K9G5B4ZX9V8EPZ3G435MN9G0",
                        "name": "Cordless Drill 12V",
                        "price": 46.5,
                        "co2_rating": "E",
                        "in_stock": false,
                        "is_eco_friendly": false,
                        "product_image": {
                            "id": "01K9G5B4WTGKVBV81MESBM5E9Q",
                            "by_name": "Manik Roy",
                            "by_url": "https://unsplash.com/@pixnum",
                            "source_name": "Unsplash",
                            "source_url": "https://unsplash.com/photos/_UGTrlvki_A",
                            "file_name": "drill04.avif",
                            "title": "Cordless Drill"
                        }
                    }
                }
            ],
            "payment": {
                "payment_method": "bank-transfer"
            }
        },
        {
            "id": "01K9G5B6HCWAY9FGJ5VFDQYTMM",
            "user_id": "01K9G5B4MYHR3D6QJMSFE3XTHA",
            "invoice_number": "INV-20250000032",
            "invoice_date": "2025-09-29 22:00:12",
            "status": "AWAITING_SHIPMENT",
            "total": 22.96,
            "subtotal": null,
            "billing_street": "Test street 33",
            "billing_city": "Utrecht",
            "billing_state": "Utrecht",
            "billing_country": "The Netherlands",
            "billing_postal_code": "1122AB",
            "additional_discount_percentage": null,
            "additional_discount_amount": null,
            "invoicelines": [
                {
                    "id": "01K9G5BCQG5F6NGV894Q03EEKP",
                    "invoice_id": "01K9G5B6HCWAY9FGJ5VFDQYTMM",
                    "product_id": "01K9G5B4XY7FPDFGZ3SWB1DHGF",
                    "unit_price": 11.48,
                    "quantity": 2,
                    "discount_percentage": null,
                    "discounted_price": null,
                    "product": {
                        "id": "01K9G5B4XY7FPDFGZ3SWB1DHGF",
                        "name": "Claw Hammer",
                        "price": 11.48,
                        "co2_rating": "D",
                        "in_stock": false,
                        "is_eco_friendly": false,
                        "product_image": {
                            "id": "01K9G5B4WSC67Z63YRPGVV0NKD",
                            "by_name": "Andrew George",
                            "by_url": "https://unsplash.com/@andrewjoegeorge",
                            "source_name": "Unsplash",
                            "source_url": "https://unsplash.com/photos/YU2mCvXR0wA",
                            "file_name": "hammer03.avif",
                            "title": "Claw Hammer"
                        }
                    }
                }
            ],
            "payment": {
                "payment_method": "buy-now-pay-later"
            }
        },
        {
            "id": "01K9G5B6H6DF4G3YVWNJ6FYE5E",
            "user_id": "01K9G5B4MYHR3D6QJMSFE3XTHA",
            "invoice_number": "INV-20250000031",
            "invoice_date": "2025-09-20 22:00:12",
            "status": "AWAITING_SHIPMENT",
            "total": 39.42,
            "subtotal": null,
            "billing_street": "Test street 32",
            "billing_city": "Utrecht",
            "billing_state": "Utrecht",
            "billing_country": "The Netherlands",
            "billing_postal_code": "1122AB",
            "additional_discount_percentage": null,
            "additional_discount_amount": null,
            "invoicelines": [
                {
                    "id": "01K9G5BCPXW3JY3BAZ28N2YQ8Q",
                    "invoice_id": "01K9G5B6H6DF4G3YVWNJ6FYE5E",
                    "product_id": "01K9G5B4Y7NNTX84CEGC9WMXQA",
                    "unit_price": 14.14,
                    "quantity": 2,
                    "discount_percentage": null,
                    "discounted_price": null,
                    "product": {
                        "id": "01K9G5B4Y7NNTX84CEGC9WMXQA",
                        "name": "Angled Spanner",
                        "price": 14.14,
                        "co2_rating": "D",
                        "in_stock": false,
                        "is_eco_friendly": false,
                        "product_image": {
                            "id": "01K9G5B4WSC67Z63YRPGVV0NKM",
                            "by_name": "Tekton",
                            "by_url": "https://unsplash.com/@tekton_tools",
                            "source_name": "Unsplash",
                            "source_url": "https://unsplash.com/photos/9z7t48S5C_g",
                            "file_name": "wrench02.avif",
                            "title": "Wrench"
                        }
                    }
                },
                {
                    "id": "01K9G5BCQ3GPZ9FT4F4ND1Z7WQ",
                    "invoice_id": "01K9G5B6H6DF4G3YVWNJ6FYE5E",
                    "product_id": "01K9G5B4Y04M1ZVPVDFPGQAYNM",
                    "unit_price": 11.14,
                    "quantity": 1,
                    "discount_percentage": null,
                    "discounted_price": null,
                    "product": {
                        "id": "01K9G5B4Y04M1ZVPVDFPGQAYNM",
                        "name": "Thor Hammer",
                        "price": 11.14,
                        "co2_rating": "D",
                        "in_stock": false,
                        "is_eco_friendly": false,
                        "product_image": {
                            "id": "01K9G5B4WSC67Z63YRPGVV0NKE",
                            "by_name": "ANIRUDH",
                            "by_url": "https://unsplash.com/@lanirudhreddy",
                            "source_name": "Unsplash",
                            "source_url": "https://unsplash.com/photos/3esjG-nlgyk",
                            "file_name": "hammer04.avif",
                            "title": "Hammer"
                        }
                    }
                }
            ],
            "payment": {
                "payment_method": "cash-on-delivery"
            }
        },
        {
            "id": "01K9G5B6H0P3EMHM74257KABQ3",
            "user_id": "01K9G5B4MYHR3D6QJMSFE3XTHA",
            "invoice_number": "INV-20250000030",
            "invoice_date": "2025-09-16 22:00:12",
            "status": "AWAITING_SHIPMENT",
            "total": 113.73,
            "subtotal": null,
            "billing_street": "Test street 31",
            "billing_city": "Utrecht",
            "billing_state": "Utrecht",
            "billing_country": "The Netherlands",
            "billing_postal_code": "1122AB",
            "additional_discount_percentage": null,
            "additional_discount_amount": null,
            "invoicelines": [
                {
                    "id": "01K9G5BCNKZWVYKMNQTGJWAZ0T",
                    "invoice_id": "01K9G5B6H0P3EMHM74257KABQ3",
                    "product_id": "01K9G5B4YVF27B3G920003PWNH",
                    "unit_price": 41.29,
                    "quantity": 1,
                    "discount_percentage": null,
                    "discounted_price": null,
                    "product": {
                        "id": "01K9G5B4YVF27B3G920003PWNH",
                        "name": "Construction Helmet",
                        "price": 41.29,
                        "co2_rating": "B",
                        "in_stock": false,
                        "is_eco_friendly": true,
                        "product_image": {
                            "id": "01K9G5B4WTGKVBV81MESBM5EA6",
                            "by_name": "Ümit Yıldırım",
                            "by_url": "https://unsplash.com/@umityildirim",
                            "source_name": "Unsplash",
                            "source_url": "https://unsplash.com/photos/red-hard-hat-on-pavement-9OB46apMbC4",
                            "file_name": "helmet01.avif",
                            "title": "Construction Helmet"
                        }
                    }
                },
                {
                    "id": "01K9G5BCNWPEFWF0Z963FC0P74",
                    "invoice_id": "01K9G5B6H0P3EMHM74257KABQ3",
                    "product_id": "01K9G5B4Y6SM4NR1RZ58D2D7EM",
                    "unit_price": 20.33,
                    "quantity": 1,
                    "discount_percentage": null,
                    "discounted_price": null,
                    "product": {
                        "id": "01K9G5B4Y6SM4NR1RZ58D2D7EM",
                        "name": "Adjustable Wrench",
                        "price": 20.33,
                        "co2_rating": "D",
                        "in_stock": false,
                        "is_eco_friendly": false,
                        "product_image": {
                            "id": "01K9G5B4WSC67Z63YRPGVV0NKK",
                            "by_name": "Recha Oktaviani",
                            "by_url": "https://unsplash.com/@rechaoktaviani",
                            "source_name": "Unsplash",
                            "source_url": "https://unsplash.com/photos/t__61ap00Mc",
                            "file_name": "wrench01.avif",
                            "title": "Adjustable wrench"
                        }
                    }
                },
                {
                    "id": "01K9G5BCP5HZCDFB2VBMD0911S",
                    "invoice_id": "01K9G5B6H0P3EMHM74257KABQ3",
                    "product_id": "01K9G5B4YG8KE9JET0FT63FMVM",
                    "unit_price": 7.23,
                    "quantity": 1,
                    "discount_percentage": null,
                    "discounted_price": null,
                    "product": {
                        "id": "01K9G5B4YG8KE9JET0FT63FMVM",
                        "name": "Tape Measure 7.5m",
                        "price": 7.23,
                        "co2_rating": "C",
                        "in_stock": false,
                        "is_eco_friendly": false,
                        "product_image": {
                            "id": "01K9G5B4WTGKVBV81MESBM5E9Y",
                            "by_name": "Brett Jordan",
                            "by_url": "https://unsplash.com/@brett_jordan",
                            "source_name": "Unsplash",
                            "source_url": "https://unsplash.com/photos/blue-and-yellow-measuring-tape-faOPbPmznfQ",
                            "file_name": "measure01.avif",
                            "title": "Tape Measure 7.5m"
                        }
                    }
                },
                {
                    "id": "01K9G5BCPBBV09D4NP63FCHS2P",
                    "invoice_id": "01K9G5B6H0P3EMHM74257KABQ3",
                    "product_id": "01K9G5B4XV5KZSJVF4DQMCDBB2",
                    "unit_price": 13.41,
                    "quantity": 3,
                    "discount_percentage": null,
                    "discounted_price": null,
                    "product": {
                        "id": "01K9G5B4XV5KZSJVF4DQMCDBB2",
                        "name": "Claw Hammer with Shock Reduction Grip",
                        "price": 13.41,
                        "co2_rating": "D",
                        "in_stock": false,
                        "is_eco_friendly": false,
                        "product_image": {
                            "id": "01K9G5B4WSC67Z63YRPGVV0NKB",
                            "by_name": "iMattSmart",
                            "by_url": "https://unsplash.com/@imattsmart",
                            "source_name": "Unsplash",
                            "source_url": "https://unsplash.com/photos/jaLaLQdkBOE",
                            "file_name": "hammer01.avif",
                            "title": "Claw Hammer"
                        }
                    }
                },
                {
                    "id": "01K9G5BCPJC2Y92PFHX31KXX8H",
                    "invoice_id": "01K9G5B6H0P3EMHM74257KABQ3",
                    "product_id": "01K9G5B4Z6S2PSVBYH21GKZET7",
                    "unit_price": 4.65,
                    "quantity": 1,
                    "discount_percentage": null,
                    "discounted_price": null,
                    "product": {
                        "id": "01K9G5B4Z6S2PSVBYH21GKZET7",
                        "name": "M4 Nuts",
                        "price": 4.65,
                        "co2_rating": "C",
                        "in_stock": false,
                        "is_eco_friendly": false,
                        "product_image": {
                            "id": "01K9G5B4WTGKVBV81MESBM5EAB",
                            "by_name": "Mika Baumeister",
                            "by_url": "https://unsplash.com/@kommumikation",
                            "source_name": "Unsplash",
                            "source_url": "https://unsplash.com/photos/silver-and-black-round-coins-c71yQepDEjo",
                            "file_name": "fasteners05.avif",
                            "title": "M4 Nuts"
                        }
                    }
                }
            ],
            "payment": {
                "payment_method": "gift-card"
            }
        },
        {
            "id": "01K9G5B6GMMKZV406MHP82NSHR",
            "user_id": "01K9G5B4MYHR3D6QJMSFE3XTHA",
            "invoice_number": "INV-20250000028",
            "invoice_date": "2025-09-02 22:00:12",
            "status": "ON_HOLD",
            "total": 886.43,
            "subtotal": null,
            "billing_street": "Test street 29",
            "billing_city": "Utrecht",
            "billing_state": "Utrecht",
            "billing_country": "The Netherlands",
            "billing_postal_code": "1122AB",
            "additional_discount_percentage": null,
            "additional_discount_amount": null,
            "invoicelines": [
                {
                    "id": "01K9G5BCKAFP5F88XFVJWA1160",
                    "invoice_id": "01K9G5B6GMMKZV406MHP82NSHR",
                    "product_id": "01K9G5B4YNNN63MKN8Q1BTF2AT",
                    "unit_price": 24.26,
                    "quantity": 2,
                    "discount_percentage": null,
                    "discounted_price": null,
                    "product": {
                        "id": "01K9G5B4YNNN63MKN8Q1BTF2AT",
                        "name": "Safety Goggles",
                        "price": 24.26,
                        "co2_rating": "B",
                        "in_stock": false,
                        "is_eco_friendly": true,
                        "product_image": {
                            "id": "01K9G5B4WTGKVBV81MESBM5EA2",
                            "by_name": "wilson montoya",
                            "by_url": "https://unsplash.com/@dogblack22",
                            "source_name": "Unsplash",
                            "source_url": "https://unsplash.com/photos/black-framed-sunglasses-with-yellow-lens-Cf_d_nDtOcM",
                            "file_name": "goggles01.avif",
                            "title": "Safety Goggles"
                        }
                    }
                },
                {
                    "id": "01K9G5BCKGGA1FQJE3WFF7HV36",
                    "invoice_id": "01K9G5B6GMMKZV406MHP82NSHR",
                    "product_id": "01K9G5B4ZDBX05Z290RKW1X9KE",
                    "unit_price": 178.2,
                    "quantity": 3,
                    "discount_percentage": null,
                    "discounted_price": null,
                    "product": {
                        "id": "01K9G5B4ZDBX05Z290RKW1X9KE",
                        "name": "Workbench with Drawers",
                        "price": 178.2,
                        "co2_rating": "B",
                        "in_stock": false,
                        "is_eco_friendly": true,
                        "product_image": {
                            "id": "01K9G5B4WTGKVBV81MESBM5EAG",
                            "by_name": "Matteo Minoglio",
                            "by_url": "https://unsplash.com/@ilmino",
                            "source_name": "Unsplash",
                            "source_url": "https://unsplash.com/photos/opened-brown-wooden-drawers-m8-NX7WxbpM",
                            "file_name": "workbench02.avif",
                            "title": "Workbench with Drawers"
                        }
                    }
                },
                {
                    "id": "01K9G5BCKNHZFDR0HT72XSVCXH",
                    "invoice_id": "01K9G5B6GMMKZV406MHP82NSHR",
                    "product_id": "01K9G5B4Y6SM4NR1RZ58D2D7EM",
                    "unit_price": 20.33,
                    "quantity": 3,
                    "discount_percentage": null,
                    "discounted_price": null,
                    "product": {
                        "id": "01K9G5B4Y6SM4NR1RZ58D2D7EM",
                        "name": "Adjustable Wrench",
                        "price": 20.33,
                        "co2_rating": "D",
                        "in_stock": false,
                        "is_eco_friendly": false,
                        "product_image": {
                            "id": "01K9G5B4WSC67Z63YRPGVV0NKK",
                            "by_name": "Recha Oktaviani",
                            "by_url": "https://unsplash.com/@rechaoktaviani",
                            "source_name": "Unsplash",
                            "source_url": "https://unsplash.com/photos/t__61ap00Mc",
                            "file_name": "wrench01.avif",
                            "title": "Adjustable wrench"
                        }
                    }
                },
                {
                    "id": "01K9G5BCKW2KRQVCJWKYAYE50E",
                    "invoice_id": "01K9G5B6GMMKZV406MHP82NSHR",
                    "product_id": "01K9G5B4XY7FPDFGZ3SWB1DHGF",
                    "unit_price": 11.48,
                    "quantity": 1,
                    "discount_percentage": null,
                    "discounted_price": null,
                    "product": {
                        "id": "01K9G5B4XY7FPDFGZ3SWB1DHGF",
                        "name": "Claw Hammer",
                        "price": 11.48,
                        "co2_rating": "D",
                        "in_stock": false,
                        "is_eco_friendly": false,
                        "product_image": {
                            "id": "01K9G5B4WSC67Z63YRPGVV0NKD",
                            "by_name": "Andrew George",
                            "by_url": "https://unsplash.com/@andrewjoegeorge",
                            "source_name": "Unsplash",
                            "source_url": "https://unsplash.com/photos/YU2mCvXR0wA",
                            "file_name": "hammer03.avif",
                            "title": "Claw Hammer"
                        }
                    }
                },
                {
                    "id": "01K9G5BCM1T5GF1EHX1V3M434B",
                    "invoice_id": "01K9G5B6GMMKZV406MHP82NSHR",
                    "product_id": "01K9G5B4YHQFEZK5XYYB40MMMQ",
                    "unit_price": 10.07,
                    "quantity": 1,
                    "discount_percentage": null,
                    "discounted_price": null,
                    "product": {
                        "id": "01K9G5B4YHQFEZK5XYYB40MMMQ",
                        "name": "Measuring Tape",
                        "price": 10.07,
                        "co2_rating": "C",
                        "in_stock": false,
                        "is_eco_friendly": false,
                        "product_image": {
                            "id": "01K9G5B4WTGKVBV81MESBM5E9Z",
                            "by_name": "Diana Polekhina",
                            "by_url": "https://unsplash.com/@diana_pole",
                            "source_name": "Unsplash",
                            "source_url": "https://unsplash.com/photos/silver-and-black-necklace-on-yellow-textile-iUfusOthmgQ",
                            "file_name": "measure02.avif",
                            "title": "Measuring Tape"
                        }
                    }
                },
                {
                    "id": "01K9G5BCMCP3X8HXQYNABWYY33",
                    "invoice_id": "01K9G5B6GMMKZV406MHP82NSHR",
                    "product_id": "01K9G5B4ZM18WV2TWXJSF62C3M",
                    "unit_price": 73.59,
                    "quantity": 3,
                    "discount_percentage": null,
                    "discounted_price": null,
                    "product": {
                        "id": "01K9G5B4ZM18WV2TWXJSF62C3M",
                        "name": "Belt Sander",
                        "price": 73.59,
                        "co2_rating": "E",
                        "in_stock": false,
                        "is_eco_friendly": false,
                        "product_image": {
                            "id": "01K9G5B4WSC67Z63YRPGVV0NKS",
                            "by_name": "Luther.M.E. Bottrill",
                            "by_url": "https://unsplash.com/@luthermeb",
                            "source_name": "Unsplash",
                            "source_url": "https://unsplash.com/photos/7kHN1-9dD_4",
                            "file_name": "sander02.avif",
                            "title": "Belt sander"
                        }
                    }
                }
            ],
            "payment": {
                "payment_method": "bank-transfer"
            }
        },
        {
            "id": "01K9G5B6GEM9SPX7YS06802DRB",
            "user_id": "01K9G5B4MYHR3D6QJMSFE3XTHA",
            "invoice_number": "INV-20250000027",
            "invoice_date": "2025-08-24 22:00:12",
            "status": "AWAITING_SHIPMENT",
            "total": 314.87,
            "subtotal": null,
            "billing_street": "Test street 28",
            "billing_city": "Utrecht",
            "billing_state": "Utrecht",
            "billing_country": "The Netherlands",
            "billing_postal_code": "1122AB",
            "additional_discount_percentage": null,
            "additional_discount_amount": null,
            "invoicelines": [
                {
                    "id": "01K9G5BCJPDMFDJZ430HBQ0BAZ",
                    "invoice_id": "01K9G5B6GEM9SPX7YS06802DRB",
                    "product_id": "01K9G5B4ZQWT36AZWCNW34T303",
                    "unit_price": 100.79,
                    "quantity": 3,
                    "discount_percentage": null,
                    "discounted_price": null,
                    "product": {
                        "id": "01K9G5B4ZQWT36AZWCNW34T303",
                        "name": "Random Orbit Sander",
                        "price": 100.79,
                        "co2_rating": "E",
                        "in_stock": false,
                        "is_eco_friendly": false,
                        "product_image": {
                            "id": "01K9G5B4WSC67Z63YRPGVV0NKV",
                            "by_name": "Adi Goldstein",
                            "by_url": "https://unsplash.com/@adigold1",
                            "source_name": "Unsplash",
                            "source_url": "https://unsplash.com/photos/aO4c6o4H2MI",
                            "file_name": "sander03.avif",
                            "title": "Random orbit sander"
                        }
                    }
                },
                {
                    "id": "01K9G5BCJZQ5XBHC5NH2EHAAHH",
                    "invoice_id": "01K9G5B6GEM9SPX7YS06802DRB",
                    "product_id": "01K9G5B4YYVXES6P4TS4Z4W453",
                    "unit_price": 6.25,
                    "quantity": 2,
                    "discount_percentage": null,
                    "discounted_price": null,
                    "product": {
                        "id": "01K9G5B4YYVXES6P4TS4Z4W453",
                        "name": "Screws",
                        "price": 6.25,
                        "co2_rating": "C",
                        "in_stock": false,
                        "is_eco_friendly": false,
                        "product_image": {
                            "id": "01K9G5B4WTGKVBV81MESBM5EA7",
                            "by_name": "Eliza Diamond",
                            "by_url": "https://unsplash.com/@eliza28diamonds",
                            "source_name": "Unsplash",
                            "source_url": "https://unsplash.com/photos/gray-screw-bolt-lot-pvm5QvjFrJ8",
                            "file_name": "fasteners01.avif",
                            "title": "Screws"
                        }
                    }
                }
            ],
            "payment": {
                "payment_method": "buy-now-pay-later"
            }
        },
        {
            "id": "01K9G5B6G42Z9KVP0MJ45KEB14",
            "user_id": "01K9G5B4MYHR3D6QJMSFE3XTHA",
            "invoice_number": "INV-20250000026",
            "invoice_date": "2025-08-10 22:00:12",
            "status": "AWAITING_SHIPMENT",
            "total": 550.92,
            "subtotal": null,
            "billing_street": "Test street 27",
            "billing_city": "Utrecht",
            "billing_state": "Utrecht",
            "billing_country": "The Netherlands",
            "billing_postal_code": "1122AB",
            "additional_discount_percentage": null,
            "additional_discount_amount": null,
            "invoicelines": [
                {
                    "id": "01K9G5BCHC887QTV8JHZCDY9ME",
                    "invoice_id": "01K9G5B6G42Z9KVP0MJ45KEB14",
                    "product_id": "01K9G5B4ZARYGEGBKR1FT14V8Y",
                    "unit_price": 86.71,
                    "quantity": 3,
                    "discount_percentage": null,
                    "discounted_price": null,
                    "product": {
                        "id": "01K9G5B4ZARYGEGBKR1FT14V8Y",
                        "name": "Tool Cabinet",
                        "price": 86.71,
                        "co2_rating": "B",
                        "in_stock": false,
                        "is_eco_friendly": true,
                        "product_image": {
                            "id": "01K9G5B4WTGKVBV81MESBM5EAF",
                            "by_name": "Georg Eiermann",
                            "by_url": "https://unsplash.com/@georgeiermann",
                            "source_name": "Unsplash",
                            "source_url": "https://unsplash.com/photos/a-group-of-wooden-objects-uXWbowHdJqk",
                            "file_name": "toolcabinet01.avif",
                            "title": "Tool Cabinet"
                        }
                    }
                },
                {
                    "id": "01K9G5BCHJEHH15NWKWRVGRWE1",
                    "invoice_id": "01K9G5B6G42Z9KVP0MJ45KEB14",
                    "product_id": "01K9G5B4Y3M94RVQDWDGS28RM9",
                    "unit_price": 18.63,
                    "quantity": 1,
                    "discount_percentage": null,
                    "discounted_price": null,
                    "product": {
                        "id": "01K9G5B4Y3M94RVQDWDGS28RM9",
                        "name": "Court Hammer",
                        "price": 18.63,
                        "co2_rating": "D",
                        "in_stock": false,
                        "is_eco_friendly": false,
                        "product_image": {
                            "id": "01K9G5B4WSC67Z63YRPGVV0NKH",
                            "by_name": "Wesley Tingey",
                            "by_url": "https://unsplash.com/@wesleyphotography",
                            "source_name": "Unsplash",
                            "source_url": "https://unsplash.com/photos/9z9fxr_7Z-k",
                            "file_name": "hammer07.avif",
                            "title": "Hammer"
                        }
                    }
                },
                {
                    "id": "01K9G5BCHS22HCJ0BN7C5DC9MY",
                    "invoice_id": "01K9G5B6G42Z9KVP0MJ45KEB14",
                    "product_id": "01K9G5B4YM9SX7N7P86DT88QH4",
                    "unit_price": 15.75,
                    "quantity": 2,
                    "discount_percentage": null,
                    "discounted_price": null,
                    "product": {
                        "id": "01K9G5B4YM9SX7N7P86DT88QH4",
                        "name": "Square Ruler",
                        "price": 15.75,
                        "co2_rating": "C",
                        "in_stock": false,
                        "is_eco_friendly": false,
                        "product_image": {
                            "id": "01K9G5B4WTGKVBV81MESBM5EA1",
                            "by_name": "Markus Spiske",
                            "by_url": "https://unsplash.com/@markusspiske",
                            "source_name": "Unsplash",
                            "source_url": "https://unsplash.com/photos/brown-ruler-with-stand-pwpVGQ-A5qI",
                            "file_name": "measure04.avif",
                            "title": "Square Ruler"
                        }
                    }
                },
                {
                    "id": "01K9G5BCHZJ47DWYTF1SFBQXF6",
                    "invoice_id": "01K9G5B6G42Z9KVP0MJ45KEB14",
                    "product_id": "01K9G5B4ZG65DFVGSYKNF5N41F",
                    "unit_price": 61.16,
                    "quantity": 3,
                    "discount_percentage": null,
                    "discounted_price": null,
                    "product": {
                        "id": "01K9G5B4ZG65DFVGSYKNF5N41F",
                        "name": "Leather toolbelt",
                        "price": 61.16,
                        "co2_rating": "B",
                        "in_stock": false,
                        "is_eco_friendly": true,
                        "product_image": {
                            "id": "01K9G5B4WTGKVBV81MESBM5EAJ",
                            "by_name": "jesse orrico",
                            "by_url": "https://unsplash.com/@jessedo81",
                            "source_name": "Unsplash",
                            "source_url": "https://unsplash.com/photos/brown-handled-hammer-and-with-tool-belt-L94dWXNKwrY",
                            "file_name": "toolbelt01.avif",
                            "title": "Leather toolbelt"
                        }
                    }
                },
                {
                    "id": "01K9G5BCJ519AW29PD5N30A42K",
                    "invoice_id": "01K9G5B6G42Z9KVP0MJ45KEB14",
                    "product_id": "01K9G5B4YG8KE9JET0FT63FMVM",
                    "unit_price": 7.23,
                    "quantity": 2,
                    "discount_percentage": null,
                    "discounted_price": null,
                    "product": {
                        "id": "01K9G5B4YG8KE9JET0FT63FMVM",
                        "name": "Tape Measure 7.5m",
                        "price": 7.23,
                        "co2_rating": "C",
                        "in_stock": false,
                        "is_eco_friendly": false,
                        "product_image": {
                            "id": "01K9G5B4WTGKVBV81MESBM5E9Y",
                            "by_name": "Brett Jordan",
                            "by_url": "https://unsplash.com/@brett_jordan",
                            "source_name": "Unsplash",
                            "source_url": "https://unsplash.com/photos/blue-and-yellow-measuring-tape-faOPbPmznfQ",
                            "file_name": "measure01.avif",
                            "title": "Tape Measure 7.5m"
                        }
                    }
                },
                {
                    "id": "01K9G5BCJB5FW6FSDE25ZPWRQ5",
                    "invoice_id": "01K9G5B6G42Z9KVP0MJ45KEB14",
                    "product_id": "01K9G5B4XR2TBMX5BGFM97ENBV",
                    "unit_price": 14.24,
                    "quantity": 3,
                    "discount_percentage": null,
                    "discounted_price": null,
                    "product": {
                        "id": "01K9G5B4XR2TBMX5BGFM97ENBV",
                        "name": "Long Nose Pliers",
                        "price": 14.24,
                        "co2_rating": "D",
                        "in_stock": false,
                        "is_eco_friendly": false,
                        "product_image": {
                            "id": "01K9G5B4WSC67Z63YRPGVV0NK9",
                            "by_name": "Brett Jordan",
                            "by_url": "https://unsplash.com/@brett_jordan",
                            "source_name": "Unsplash",
                            "source_url": "https://unsplash.com/photos/GamuDTVm02g",
                            "file_name": "pliers04.avif",
                            "title": "Long nose pliers"
                        }
                    }
                }
            ],
            "payment": {
                "payment_method": "cash-on-delivery"
            }
        },
        {
            "id": "01K9G5B6FYW14TMQ6JNM1211E1",
            "user_id": "01K9G5B4MYHR3D6QJMSFE3XTHA",
            "invoice_number": "INV-20250000025",
            "invoice_date": "2025-08-05 22:00:12",
            "status": "AWAITING_SHIPMENT",
            "total": 1258.31,
            "subtotal": null,
            "billing_street": "Test street 26",
            "billing_city": "Utrecht",
            "billing_state": "Utrecht",
            "billing_country": "The Netherlands",
            "billing_postal_code": "1122AB",
            "additional_discount_percentage": null,
            "additional_discount_amount": null,
            "invoicelines": [
                {
                    "id": "01K9G5BCFYTJ9PTND9MHYZAMAW",
                    "invoice_id": "01K9G5B6FYW14TMQ6JNM1211E1",
                    "product_id": "01K9G5B4ZX9V8EPZ3G435MN9G0",
                    "unit_price": 46.5,
                    "quantity": 3,
                    "discount_percentage": null,
                    "discounted_price": null,
                    "product": {
                        "id": "01K9G5B4ZX9V8EPZ3G435MN9G0",
                        "name": "Cordless Drill 12V",
                        "price": 46.5,
                        "co2_rating": "E",
                        "in_stock": false,
                        "is_eco_friendly": false,
                        "product_image": {
                            "id": "01K9G5B4WTGKVBV81MESBM5E9Q",
                            "by_name": "Manik Roy",
                            "by_url": "https://unsplash.com/@pixnum",
                            "source_name": "Unsplash",
                            "source_url": "https://unsplash.com/photos/_UGTrlvki_A",
                            "file_name": "drill04.avif",
                            "title": "Cordless Drill"
                        }
                    }
                },
                {
                    "id": "01K9G5BCG71D6GZVHH84PQWVN6",
                    "invoice_id": "01K9G5B6FYW14TMQ6JNM1211E1",
                    "product_id": "01K9G5B4YWR8PXH12D0477ENQB",
                    "unit_price": 18.58,
                    "quantity": 3,
                    "discount_percentage": null,
                    "discounted_price": null,
                    "product": {
                        "id": "01K9G5B4YWR8PXH12D0477ENQB",
                        "name": "Ear Protection",
                        "price": 18.58,
                        "co2_rating": "B",
                        "in_stock": false,
                        "is_eco_friendly": true,
                        "product_image": {
                            "id": "01K9G5B4WTGKVBV81MESBM5EAD",
                            "by_name": "cetteup",
                            "by_url": "https://unsplash.com/@cetteup",
                            "source_name": "Unsplash",
                            "source_url": "https://unsplash.com/photos/black-and-red-3m-earmuffs-beside-miter-saw-IC5sX-7PRN8",
                            "file_name": "earprotection01.avif",
                            "title": "Ear Protection"
                        }
                    }
                },
                {
                    "id": "01K9G5BCGE3MBEB5TW0WRDMXMW",
                    "invoice_id": "01K9G5B6FYW14TMQ6JNM1211E1",
                    "product_id": "01K9G5B4ZDBX05Z290RKW1X9KE",
                    "unit_price": 178.2,
                    "quantity": 3,
                    "discount_percentage": null,
                    "discounted_price": null,
                    "product": {
                        "id": "01K9G5B4ZDBX05Z290RKW1X9KE",
                        "name": "Workbench with Drawers",
                        "price": 178.2,
                        "co2_rating": "B",
                        "in_stock": false,
                        "is_eco_friendly": true,
                        "product_image": {
                            "id": "01K9G5B4WTGKVBV81MESBM5EAG",
                            "by_name": "Matteo Minoglio",
                            "by_url": "https://unsplash.com/@ilmino",
                            "source_name": "Unsplash",
                            "source_url": "https://unsplash.com/photos/opened-brown-wooden-drawers-m8-NX7WxbpM",
                            "file_name": "workbench02.avif",
                            "title": "Workbench with Drawers"
                        }
                    }
                },
                {
                    "id": "01K9G5BCGMGV06245G6QX08D88",
                    "invoice_id": "01K9G5B6FYW14TMQ6JNM1211E1",
                    "product_id": "01K9G5B4ZQWT36AZWCNW34T303",
                    "unit_price": 100.79,
                    "quantity": 3,
                    "discount_percentage": null,
                    "discounted_price": null,
                    "product": {
                        "id": "01K9G5B4ZQWT36AZWCNW34T303",
                        "name": "Random Orbit Sander",
                        "price": 100.79,
                        "co2_rating": "E",
                        "in_stock": false,
                        "is_eco_friendly": false,
                        "product_image": {
                            "id": "01K9G5B4WSC67Z63YRPGVV0NKV",
                            "by_name": "Adi Goldstein",
                            "by_url": "https://unsplash.com/@adigold1",
                            "source_name": "Unsplash",
                            "source_url": "https://unsplash.com/photos/aO4c6o4H2MI",
                            "file_name": "sander03.avif",
                            "title": "Random orbit sander"
                        }
                    }
                },
                {
                    "id": "01K9G5BCGXPTZSGPEB2JBXE0B5",
                    "invoice_id": "01K9G5B6FYW14TMQ6JNM1211E1",
                    "product_id": "01K9G5B4YQET3KX4WZJC82HT6X",
                    "unit_price": 35.62,
                    "quantity": 3,
                    "discount_percentage": null,
                    "discounted_price": null,
                    "product": {
                        "id": "01K9G5B4YQET3KX4WZJC82HT6X",
                        "name": "Safety Helmet Face Shield",
                        "price": 35.62,
                        "co2_rating": "B",
                        "in_stock": false,
                        "is_eco_friendly": true,
                        "product_image": {
                            "id": "01K9G5B4WTGKVBV81MESBM5EA3",
                            "by_name": "Laurence Ziegler",
                            "by_url": "https://unsplash.com/@laurenceziegler",
                            "source_name": "Unsplash",
                            "source_url": "https://unsplash.com/photos/a-helmet-that-is-on-top-of-a-pile-of-leaves-niKVn6qfYAs",
                            "file_name": "goggles02.avif",
                            "title": "Safety Helmet Face Shield"
                        }
                    }
                },
                {
                    "id": "01K9G5BCH3PVVZY276TJYMNZZ1",
                    "invoice_id": "01K9G5B6FYW14TMQ6JNM1211E1",
                    "product_id": "01K9G5B4ZWGJ3JXNN8B185CB13",
                    "unit_price": 119.24,
                    "quantity": 1,
                    "discount_percentage": null,
                    "discounted_price": null,
                    "product": {
                        "id": "01K9G5B4ZWGJ3JXNN8B185CB13",
                        "name": "Cordless Drill 18V",
                        "price": 119.24,
                        "co2_rating": "E",
                        "in_stock": false,
                        "is_eco_friendly": false,
                        "product_image": {
                            "id": "01K9G5B4WTGKVBV81MESBM5E9P",
                            "by_name": "Jonathan Cooper",
                            "by_url": "https://unsplash.com/@theshuttervision",
                            "source_name": "Unsplash",
                            "source_url": "https://unsplash.com/photos/7sZwThSntdw",
                            "file_name": "drill03.avif",
                            "title": "Cordless Drill 18V"
                        }
                    }
                }
            ],
            "payment": {
                "payment_method": "gift-card"
            }
        },
        {
            "id": "01K9G5B6FNQFGQC57CAY432CJ3",
            "user_id": "01K9G5B4MYHR3D6QJMSFE3XTHA",
            "invoice_number": "INV-20250000023",
            "invoice_date": "2025-07-10 22:00:12",
            "status": "ON_HOLD",
            "total": 281.13,
            "subtotal": null,
            "billing_street": "Test street 24",
            "billing_city": "Utrecht",
            "billing_state": "Utrecht",
            "billing_country": "The Netherlands",
            "billing_postal_code": "1122AB",
            "additional_discount_percentage": null,
            "additional_discount_amount": null,
            "invoicelines": [
                {
                    "id": "01K9G5BCD82CHJAXH15SD8PBW2",
                    "invoice_id": "01K9G5B6FNQFGQC57CAY432CJ3",
                    "product_id": "01K9G5B4ZTA6YDN8GTFY57P63Z",
                    "unit_price": 66.54,
                    "quantity": 2,
                    "discount_percentage": null,
                    "discounted_price": null,
                    "product": {
                        "id": "01K9G5B4ZTA6YDN8GTFY57P63Z",
                        "name": "Cordless Drill 24V",
                        "price": 66.54,
                        "co2_rating": "E",
                        "in_stock": false,
                        "is_eco_friendly": false,
                        "product_image": {
                            "id": "01K9G5B4WSC67Z63YRPGVV0NKX",
                            "by_name": "NeONBRAND",
                            "by_url": "https://unsplash.com/@neonbrand",
                            "source_name": "Unsplash",
                            "source_url": "https://unsplash.com/photos/CuDoRFyTkAQ",
                            "file_name": "drill02.avif",
                            "title": "Cordless Drill"
                        }
                    }
                },
                {
                    "id": "01K9G5BCDG8GD85R9CQHX4YJW5",
                    "invoice_id": "01K9G5B6FNQFGQC57CAY432CJ3",
                    "product_id": "01K9G5B4XNC9PJ8AT73E2YWME6",
                    "unit_price": 48.41,
                    "quantity": 2,
                    "discount_percentage": null,
                    "discounted_price": null,
                    "product": {
                        "id": "01K9G5B4XNC9PJ8AT73E2YWME6",
                        "name": "Bolt Cutters",
                        "price": 48.41,
                        "co2_rating": "D",
                        "in_stock": false,
                        "is_eco_friendly": false,
                        "product_image": {
                            "id": "01K9G5B4WSC67Z63YRPGVV0NK8",
                            "by_name": "Michael Dziedzic",
                            "by_url": "https://unsplash.com/@lazycreekimages",
                            "source_name": "Unsplash",
                            "source_url": "https://unsplash.com/photos/pM9pkc9J918",
                            "file_name": "pliers03.avif",
                            "title": "Bolt cutters"
                        }
                    }
                },
                {
                    "id": "01K9G5BCDTBA3ECVGBWP32F0MR",
                    "invoice_id": "01K9G5B6FNQFGQC57CAY432CJ3",
                    "product_id": "01K9G5B4YJE18TP05Q0VPA791W",
                    "unit_price": 12.91,
                    "quantity": 3,
                    "discount_percentage": null,
                    "discounted_price": null,
                    "product": {
                        "id": "01K9G5B4YJE18TP05Q0VPA791W",
                        "name": "Tape Measure 5m",
                        "price": 12.91,
                        "co2_rating": "C",
                        "in_stock": false,
                        "is_eco_friendly": false,
                        "product_image": {
                            "id": "01K9G5B4WTGKVBV81MESBM5EA0",
                            "by_name": "Immo Wegmann",
                            "by_url": "https://unsplash.com/@macroman",
                            "source_name": "Unsplash",
                            "source_url": "https://unsplash.com/photos/yellow-and-black-measuring-tape-1abCQ_3g_UY",
                            "file_name": "measure03.avif",
                            "title": "Tape Measure 5m"
                        }
                    }
                },
                {
                    "id": "01K9G5BCE8FBKBZGWE308STW8S",
                    "invoice_id": "01K9G5B6FNQFGQC57CAY432CJ3",
                    "product_id": "01K9G5B4YYVXES6P4TS4Z4W453",
                    "unit_price": 6.25,
                    "quantity": 2,
                    "discount_percentage": null,
                    "discounted_price": null,
                    "product": {
                        "id": "01K9G5B4YYVXES6P4TS4Z4W453",
                        "name": "Screws",
                        "price": 6.25,
                        "co2_rating": "C",
                        "in_stock": false,
                        "is_eco_friendly": false,
                        "product_image": {
                            "id": "01K9G5B4WTGKVBV81MESBM5EA7",
                            "by_name": "Eliza Diamond",
                            "by_url": "https://unsplash.com/@eliza28diamonds",
                            "source_name": "Unsplash",
                            "source_url": "https://unsplash.com/photos/gray-screw-bolt-lot-pvm5QvjFrJ8",
                            "file_name": "fasteners01.avif",
                            "title": "Screws"
                        }
                    }
                }
            ],
            "payment": {
                "payment_method": "bank-transfer"
            }
        }
    ],
    "from": 1,
    "last_page": 11,
    "per_page": 15,
    "to": 15,
    "total": 164
}
==================================================



==================== API CALL ====================
Timestamp: 2025-11-07T22:07:39.065662
Method: GET
Request URI: https://api.practicesoftwaretesting.com/invoices?page=1
Status Code: 200
Response Body:
{
    "current_page": 1,
    "data": [
        {
            "id": "01k9g5rrynw9vh6y4qp54e90nk",
            "user_id": "01K9G5B4MYHR3D6QJMSFE3XTHA",
            "invoice_number": "INV-2025000006",
            "invoice_date": "2025-11-07 22:07:38",
            "status": "AWAITING_FULFILLMENT",
            "total": 0,
            "subtotal": 0,
            "billing_street": "123 Main St",
            "billing_city": "Testville",
            "billing_state": "CA",
            "billing_country": "US",
            "billing_postal_code": "90001",
            "additional_discount_percentage": null,
            "additional_discount_amount": 0,
            "invoicelines": [
                
            ],
            "payment": {
                "payment_method": "bank-transfer"
            }
        },
        {
            "id": "01k9g5qmawq6vym7kkf9pz31y9",
            "user_id": "01K9G5B4MYHR3D6QJMSFE3XTHA",
            "invoice_number": "INV-2025000005",
            "invoice_date": "2025-11-07 22:07:01",
            "status": "AWAITING_FULFILLMENT",
            "total": 0,
            "subtotal": 0,
            "billing_street": "123 Main St",
            "billing_city": "Testville",
            "billing_state": "CA",
            "billing_country": "US",
            "billing_postal_code": "90001",
            "additional_discount_percentage": null,
            "additional_discount_amount": 0,
            "invoicelines": [
                
            ],
            "payment": {
                "payment_method": "bank-transfer"
            }
        },
        {
            "id": "01k9g5hv3a9vpx22avs9qcgxf3",
            "user_id": "01K9G5B4MYHR3D6QJMSFE3XTHA",
            "invoice_number": "INV-2025000004",
            "invoice_date": "2025-11-07 22:03:51",
            "status": "ON_HOLD",
            "total": 0,
            "subtotal": 0,
            "billing_street": "123 Main St",
            "billing_city": "Testville",
            "billing_state": "CA",
            "billing_country": "US",
            "billing_postal_code": "90001",
            "additional_discount_percentage": null,
            "additional_discount_amount": 0,
            "invoicelines": [
                
            ],
            "payment": {
                "payment_method": "bank-transfer"
            }
        },
        {
            "id": "01K9G5B6JEWNAPCHQW38VVMFFW",
            "user_id": "01K9G5B4MYHR3D6QJMSFE3XTHA",
            "invoice_number": "INV-20250000037",
            "invoice_date": "2025-11-01 22:00:12",
            "status": "AWAITING_SHIPMENT",
            "total": 855.58,
            "subtotal": null,
            "billing_street": "Test street 38",
            "billing_city": "Utrecht",
            "billing_state": "Utrecht",
            "billing_country": "The Netherlands",
            "billing_postal_code": "1122AB",
            "additional_discount_percentage": null,
            "additional_discount_amount": null,
            "invoicelines": [
                {
                    "id": "01K9G5BCV2VND1KVHD60RCFZ8T",
                    "invoice_id": "01K9G5B6JEWNAPCHQW38VVMFFW",
                    "product_id": "01K9G5B4YEKYRSQVMKNVJPQPVV",
                    "unit_price": 22.96,
                    "quantity": 2,
                    "discount_percentage": null,
                    "discounted_price": null,
                    "product": {
                        "id": "01K9G5B4YEKYRSQVMKNVJPQPVV",
                        "name": "Swiss Woodcarving Chisels",
                        "price": 22.96,
                        "co2_rating": "D",
                        "in_stock": false,
                        "is_eco_friendly": false,
                        "product_image": {
                            "id": "01K9G5B4WTGKVBV81MESBM5E9X",
                            "by_name": "Clay Banks",
                            "by_url": "https://unsplash.com/@claybanks",
                            "source_name": "Unsplash",
[...]
                            "source_name": "Unsplash",
                            "source_url": "https://unsplash.com/photos/9z9fxr_7Z-k",
                            "file_name": "hammer07.avif",
                            "title": "Hammer"
                        }
                    }
                },
                {
                    "id": "01K9G5BCHS22HCJ0BN7C5DC9MY",
                    "invoice_id": "01K9G5B6G42Z9KVP0MJ45KEB14",
                    "product_id": "01K9G5B4YM9SX7N7P86DT88QH4",
                    "unit_price": 15.75,
                    "quantity": 2,
                    "discount_percentage": null,
                    "discounted_price": null,
                    "product": {
                        "id": "01K9G5B4YM9SX7N7P86DT88QH4",
                        "name": "Square Ruler",
                        "price": 15.75,
                        "co2_rating": "C",
                        "in_stock": false,
                        "is_eco_friendly": false,
                        "product_image": {
                            "id": "01K9G5B4WTGKVBV81MESBM5EA1",
                            "by_name": "Markus Spiske",
                            "by_url": "https://unsplash.com/@markusspiske",
                            "source_name": "Unsplash",
                            "source_url": "https://unsplash.com/photos/brown-ruler-with-stand-pwpVGQ-A5qI",
                            "file_name": "measure04.avif",
                            "title": "Square Ruler"
                        }
                    }
                },
                {
                    "id": "01K9G5BCHZJ47DWYTF1SFBQXF6",
                    "invoice_id": "01K9G5B6G42Z9KVP0MJ45KEB14",
                    "product_id": "01K9G5B4ZG65DFVGSYKNF5N41F",
                    "unit_price": 61.16,
                    "quantity": 3,
                    "discount_percentage": null,
                    "discounted_price": null,
                    "product": {
                        "id": "01K9G5B4ZG65DFVGSYKNF5N41F",
                        "name": "Leather toolbelt",
                        "price": 61.16,
                        "co2_rating": "B",
                        "in_stock": false,
                        "is_eco_friendly": true,
                        "product_image": {
                            "id": "01K9G5B4WTGKVBV81MESBM5EAJ",
                            "by_name": "jesse orrico",
                            "by_url": "https://unsplash.com/@jessedo81",
                            "source_name": "Unsplash",
                            "source_url": "https://unsplash.com/photos/brown-handled-hammer-and-with-tool-belt-L94dWXNKwrY",
                            "file_name": "toolbelt01.avif",
                            "title": "Leather toolbelt"
                        }
                    }
                },
                {
                    "id": "01K9G5BCJ519AW29PD5N30A42K",
                    "invoice_id": "01K9G5B6G42Z9KVP0MJ45KEB14",
                    "product_id": "01K9G5B4YG8KE9JET0FT63FMVM",
                    "unit_price": 7.23,
                    "quantity": 2,
                    "discount_percentage": null,
                    "discounted_price": null,
                    "product": {
                        "id": "01K9G5B4YG8KE9JET0FT63FMVM",
                        "name": "Tape Measure 7.5m",
                        "price": 7.23,
                        "co2_rating": "C",
                        "in_stock": false,
                        "is_eco_friendly": false,
                        "product_image": {
                            "id": "01K9G5B4WTGKVBV81MESBM5E9Y",
                            "by_name": "Brett Jordan",
                            "by_url": "https://unsplash.com/@brett_jordan",
                            "source_name": "Unsplash",
                            "source_url": "https://unsplash.com/photos/blue-and-yellow-measuring-tape-faOPbPmznfQ",
                            "file_name": "measure01.avif",
                            "title": "Tape Measure 7.5m"
                        }
                    }
                },
                {
                    "id": "01K9G5BCJB5FW6FSDE25ZPWRQ5",
                    "invoice_id": "01K9G5B6G42Z9KVP0MJ45KEB14",
                    "product_id": "01K9G5B4XR2TBMX5BGFM97ENBV",
                    "unit_price": 14.24,
                    "quantity": 3,
                    "discount_percentage": null,
                    "discounted_price": null,
                    "product": {
                        "id": "01K9G5B4XR2TBMX5BGFM97ENBV",
                        "name": "Long Nose Pliers",
                        "price": 14.24,
                        "co2_rating": "D",
                        "in_stock": false,
                        "is_eco_friendly": false,
                        "product_image": {
                            "id": "01K9G5B4WSC67Z63YRPGVV0NK9",
                            "by_name": "Brett Jordan",
                            "by_url": "https://unsplash.com/@brett_jordan",
                            "source_name": "Unsplash",
                            "source_url": "https://unsplash.com/photos/GamuDTVm02g",
                            "file_name": "pliers04.avif",
                            "title": "Long nose pliers"
                        }
                    }
                }
            ],
            "payment": {
                "payment_method": "cash-on-delivery"
            }
        },
        {
            "id": "01K9G5B6FYW14TMQ6JNM1211E1",
            "user_id": "01K9G5B4MYHR3D6QJMSFE3XTHA",
            "invoice_number": "INV-20250000025",
            "invoice_date": "2025-08-05 22:00:12",
            "status": "AWAITING_SHIPMENT",
            "total": 1258.31,
            "subtotal": null,
            "billing_street": "Test street 26",
            "billing_city": "Utrecht",
            "billing_state": "Utrecht",
            "billing_country": "The Netherlands",
            "billing_postal_code": "1122AB",
            "additional_discount_percentage": null,
            "additional_discount_amount": null,
            "invoicelines": [
                {
                    "id": "01K9G5BCFYTJ9PTND9MHYZAMAW",
                    "invoice_id": "01K9G5B6FYW14TMQ6JNM1211E1",
                    "product_id": "01K9G5B4ZX9V8EPZ3G435MN9G0",
                    "unit_price": 46.5,
                    "quantity": 3,
                    "discount_percentage": null,
                    "discounted_price": null,
                    "product": {
                        "id": "01K9G5B4ZX9V8EPZ3G435MN9G0",
                        "name": "Cordless Drill 12V",
                        "price": 46.5,
                        "co2_rating": "E",
                        "in_stock": false,
                        "is_eco_friendly": false,
                        "product_image": {
                            "id": "01K9G5B4WTGKVBV81MESBM5E9Q",
                            "by_name": "Manik Roy",
                            "by_url": "https://unsplash.com/@pixnum",
                            "source_name": "Unsplash",
                            "source_url": "https://unsplash.com/photos/_UGTrlvki_A",
                            "file_name": "drill04.avif",
                            "title": "Cordless Drill"
                        }
                    }
                },
                {
                    "id": "01K9G5BCG71D6GZVHH84PQWVN6",
                    "invoice_id": "01K9G5B6FYW14TMQ6JNM1211E1",
                    "product_id": "01K9G5B4YWR8PXH12D0477ENQB",
                    "unit_price": 18.58,
                    "quantity": 3,
                    "discount_percentage": null,
                    "discounted_price": null,
                    "product": {
                        "id": "01K9G5B4YWR8PXH12D0477ENQB",
                        "name": "Ear Protection",
                        "price": 18.58,
                        "co2_rating": "B",
                        "in_stock": false,
                        "is_eco_friendly": true,
                        "product_image": {
                            "id": "01K9G5B4WTGKVBV81MESBM5EAD",
                            "by_name": "cetteup",
                            "by_url": "https://unsplash.com/@cetteup",
                            "source_name": "Unsplash",
                            "source_url": "https://unsplash.com/photos/black-and-red-3m-earmuffs-beside-miter-saw-IC5sX-7PRN8",
                            "file_name": "earprotection01.avif",
                            "title": "Ear Protection"
                        }
                    }
                },
                {
                    "id": "01K9G5BCGE3MBEB5TW0WRDMXMW",
                    "invoice_id": "01K9G5B6FYW14TMQ6JNM1211E1",
                    "product_id": "01K9G5B4ZDBX05Z290RKW1X9KE",
                    "unit_price": 178.2,
                    "quantity": 3,
                    "discount_percentage": null,
                    "discounted_price": null,
                    "product": {
                        "id": "01K9G5B4ZDBX05Z290RKW1X9KE",
                        "name": "Workbench with Drawers",
                        "price": 178.2,
                        "co2_rating": "B",
                        "in_stock": false,
                        "is_eco_friendly": true,
                        "product_image": {
                            "id": "01K9G5B4WTGKVBV81MESBM5EAG",
                            "by_name": "Matteo Minoglio",
                            "by_url": "https://unsplash.com/@ilmino",
                            "source_name": "Unsplash",
                            "source_url": "https://unsplash.com/photos/opened-brown-wooden-drawers-m8-NX7WxbpM",
                            "file_name": "workbench02.avif",
                            "title": "Workbench with Drawers"
                        }
                    }
                },
                {
                    "id": "01K9G5BCGMGV06245G6QX08D88",
                    "invoice_id": "01K9G5B6FYW14TMQ6JNM1211E1",
                    "product_id": "01K9G5B4ZQWT36AZWCNW34T303",
                    "unit_price": 100.79,
                    "quantity": 3,
                    "discount_percentage": null,
                    "discounted_price": null,
                    "product": {
                        "id": "01K9G5B4ZQWT36AZWCNW34T303",
                        "name": "Random Orbit Sander",
                        "price": 100.79,
                        "co2_rating": "E",
                        "in_stock": false,
                        "is_eco_friendly": false,
                        "product_image": {
                            "id": "01K9G5B4WSC67Z63YRPGVV0NKV",
                            "by_name": "Adi Goldstein",
                            "by_url": "https://unsplash.com/@adigold1",
                            "source_name": "Unsplash",
                            "source_url": "https://unsplash.com/photos/aO4c6o4H2MI",
                            "file_name": "sander03.avif",
                            "title": "Random orbit sander"
                        }
                    }
                },
                {
                    "id": "01K9G5BCGXPTZSGPEB2JBXE0B5",
                    "invoice_id": "01K9G5B6FYW14TMQ6JNM1211E1",
                    "product_id": "01K9G5B4YQET3KX4WZJC82HT6X",
                    "unit_price": 35.62,
                    "quantity": 3,
                    "discount_percentage": null,
                    "discounted_price": null,
                    "product": {
                        "id": "01K9G5B4YQET3KX4WZJC82HT6X",
                        "name": "Safety Helmet Face Shield",
                        "price": 35.62,
                        "co2_rating": "B",
                        "in_stock": false,
                        "is_eco_friendly": true,
                        "product_image": {
                            "id": "01K9G5B4WTGKVBV81MESBM5EA3",
                            "by_name": "Laurence Ziegler",
                            "by_url": "https://unsplash.com/@laurenceziegler",
                            "source_name": "Unsplash",
                            "source_url": "https://unsplash.com/photos/a-helmet-that-is-on-top-of-a-pile-of-leaves-niKVn6qfYAs",
                            "file_name": "goggles02.avif",
                            "title": "Safety Helmet Face Shield"
                        }
                    }
                },
                {
                    "id": "01K9G5BCH3PVVZY276TJYMNZZ1",
                    "invoice_id": "01K9G5B6FYW14TMQ6JNM1211E1",
                    "product_id": "01K9G5B4ZWGJ3JXNN8B185CB13",
                    "unit_price": 119.24,
                    "quantity": 1,
                    "discount_percentage": null,
                    "discounted_price": null,
                    "product": {
                        "id": "01K9G5B4ZWGJ3JXNN8B185CB13",
                        "name": "Cordless Drill 18V",
                        "price": 119.24,
                        "co2_rating": "E",
                        "in_stock": false,
                        "is_eco_friendly": false,
                        "product_image": {
                            "id": "01K9G5B4WTGKVBV81MESBM5E9P",
                            "by_name": "Jonathan Cooper",
                            "by_url": "https://unsplash.com/@theshuttervision",
                            "source_name": "Unsplash",
                            "source_url": "https://unsplash.com/photos/7sZwThSntdw",
                            "file_name": "drill03.avif",
                            "title": "Cordless Drill 18V"
                        }
                    }
                }
            ],
            "payment": {
                "payment_method": "gift-card"
            }
        },
        {
            "id": "01K9G5B6FNQFGQC57CAY432CJ3",
            "user_id": "01K9G5B4MYHR3D6QJMSFE3XTHA",
            "invoice_number": "INV-20250000023",
            "invoice_date": "2025-07-10 22:00:12",
            "status": "ON_HOLD",
            "total": 281.13,
            "subtotal": null,
            "billing_street": "Test street 24",
            "billing_city": "Utrecht",
            "billing_state": "Utrecht",
            "billing_country": "The Netherlands",
            "billing_postal_code": "1122AB",
            "additional_discount_percentage": null,
            "additional_discount_amount": null,
            "invoicelines": [
                {
                    "id": "01K9G5BCD82CHJAXH15SD8PBW2",
                    "invoice_id": "01K9G5B6FNQFGQC57CAY432CJ3",
                    "product_id": "01K9G5B4ZTA6YDN8GTFY57P63Z",
                    "unit_price": 66.54,
                    "quantity": 2,
                    "discount_percentage": null,
                    "discounted_price": null,
                    "product": {
                        "id": "01K9G5B4ZTA6YDN8GTFY57P63Z",
                        "name": "Cordless Drill 24V",
                        "price": 66.54,
                        "co2_rating": "E",
                        "in_stock": false,
                        "is_eco_friendly": false,
                        "product_image": {
                            "id": "01K9G5B4WSC67Z63YRPGVV0NKX",
                            "by_name": "NeONBRAND",
                            "by_url": "https://unsplash.com/@neonbrand",
                            "source_name": "Unsplash",
                            "source_url": "https://unsplash.com/photos/CuDoRFyTkAQ",
                            "file_name": "drill02.avif",
                            "title": "Cordless Drill"
                        }
                    }
                },
                {
                    "id": "01K9G5BCDG8GD85R9CQHX4YJW5",
                    "invoice_id": "01K9G5B6FNQFGQC57CAY432CJ3",
                    "product_id": "01K9G5B4XNC9PJ8AT73E2YWME6",
                    "unit_price": 48.41,
                    "quantity": 2,
                    "discount_percentage": null,
                    "discounted_price": null,
                    "product": {
                        "id": "01K9G5B4XNC9PJ8AT73E2YWME6",
                        "name": "Bolt Cutters",
                        "price": 48.41,
                        "co2_rating": "D",
                        "in_stock": false,
                        "is_eco_friendly": false,
                        "product_image": {
                            "id": "01K9G5B4WSC67Z63YRPGVV0NK8",
                            "by_name": "Michael Dziedzic",
                            "by_url": "https://unsplash.com/@lazycreekimages",
                            "source_name": "Unsplash",
                            "source_url": "https://unsplash.com/photos/pM9pkc9J918",
                            "file_name": "pliers03.avif",
                            "title": "Bolt cutters"
                        }
                    }
                },
                {
                    "id": "01K9G5BCDTBA3ECVGBWP32F0MR",
                    "invoice_id": "01K9G5B6FNQFGQC57CAY432CJ3",
                    "product_id": "01K9G5B4YJE18TP05Q0VPA791W",
                    "unit_price": 12.91,
                    "quantity": 3,
                    "discount_percentage": null,
                    "discounted_price": null,
                    "product": {
                        "id": "01K9G5B4YJE18TP05Q0VPA791W",
                        "name": "Tape Measure 5m",
                        "price": 12.91,
                        "co2_rating": "C",
                        "in_stock": false,
                        "is_eco_friendly": false,
                        "product_image": {
                            "id": "01K9G5B4WTGKVBV81MESBM5EA0",
                            "by_name": "Immo Wegmann",
                            "by_url": "https://unsplash.com/@macroman",
                            "source_name": "Unsplash",
                            "source_url": "https://unsplash.com/photos/yellow-and-black-measuring-tape-1abCQ_3g_UY",
                            "file_name": "measure03.avif",
                            "title": "Tape Measure 5m"
                        }
                    }
                },
                {
                    "id": "01K9G5BCE8FBKBZGWE308STW8S",
                    "invoice_id": "01K9G5B6FNQFGQC57CAY432CJ3",
                    "product_id": "01K9G5B4YYVXES6P4TS4Z4W453",
                    "unit_price": 6.25,
                    "quantity": 2,
                    "discount_percentage": null,
                    "discounted_price": null,
                    "product": {
                        "id": "01K9G5B4YYVXES6P4TS4Z4W453",
                        "name": "Screws",
                        "price": 6.25,
                        "co2_rating": "C",
                        "in_stock": false,
                        "is_eco_friendly": false,
                        "product_image": {
                            "id": "01K9G5B4WTGKVBV81MESBM5EA7",
                            "by_name": "Eliza Diamond",
                            "by_url": "https://unsplash.com/@eliza28diamonds",
                            "source_name": "Unsplash",
                            "source_url": "https://unsplash.com/photos/gray-screw-bolt-lot-pvm5QvjFrJ8",
                            "file_name": "fasteners01.avif",
                            "title": "Screws"
                        }
                    }
                }
            ],
            "payment": {
                "payment_method": "bank-transfer"
            }
        }
    ],
    "from": 1,
    "last_page": 11,
    "per_page": 15,
    "to": 15,
    "total": 164
}
==================================================


]]></system-out>
  <system-err><![CDATA[]]></system-err>
</testsuite>
